<?xml version="1.0" encoding="UTF-8"?>
<!-- Generated by org.testng.reporters.JUnitReportReporter -->
<testsuite hostname="XiXi" name="cn.group4.tests.CreateReleaseTest" tests="1" failures="0" timestamp="23 Mar 2017 05:05:16 GMT" time="10.949" errors="0">
  <testcase name="createReleaseTest" time="10.949" classname="cn.group4.tests.CreateReleaseTest"/>
</testsuite> <!-- cn.group4.tests.CreateReleaseTest -->
