<?xml version="1.0" encoding="UTF-8"?>
<!-- Generated by org.testng.reporters.JUnitReportReporter -->
<testsuite name="cn.group4.tests.ProductTest" tests="2" time="18.548" ignored="0" failures="0" timestamp="25 三月 2017 10:07:21 GMT" skipped="0" hostname="DESKTOP-KACP9UV" errors="0">
  <testcase name="addProductTest" time="9.803" classname="cn.group4.tests.ProductTest"/>
  <testcase name="intoRequirementTest" time="8.745" classname="cn.group4.tests.ProductTest"/>
</testsuite> <!-- cn.group4.tests.ProductTest -->
