<?xml version="1.0" encoding="UTF-8"?>
<!-- Generated by org.testng.reporters.JUnitReportReporter -->
<testsuite name="cn.group4.tests.AddRequirementTest" tests="1" time="9.773" ignored="0" failures="0" timestamp="22 三月 2017 12:22:24 GMT" skipped="0" hostname="DESKTOP-KACP9UV" errors="0">
  <testcase name="addProduct" time="9.773" classname="cn.group4.tests.AddRequirementTest"/>
</testsuite> <!-- cn.group4.tests.AddRequirementTest -->
