<?xml version="1.0" encoding="UTF-8"?>
<!-- Generated by org.testng.reporters.JUnitReportReporter -->
<testsuite name="cn.group4.tests.Product_PrjTest" tests="1" time="6.092" ignored="0" failures="0" timestamp="24 三月 2017 11:53:33 GMT" skipped="0" hostname="DESKTOP-KACP9UV" errors="0">
  <testcase name="addProduct01" time="6.092" classname="cn.group4.tests.Product_PrjTest"/>
</testsuite> <!-- cn.group4.tests.Product_PrjTest -->
